<?xml version='1.0' encoding='UTF-8'?>
<testsuite hostname="LAPTOP-P90NLTRP" name="DataSpec" tests="2" errors="0" failures="0" skipped="0" time="0.084" timestamp="2025-05-05T15:02:20">
          <properties>
      <property name="java.specification.version" value="21"/><property name="sun.cpu.isalist" value="amd64"/><property name="sun.jnu.encoding" value="Cp1252"/><property name="sun.arch.data.model" value="64"/><property name="java.vendor.url" value="https://java.oracle.com/"/><property name="sun.boot.library.path" value="C:\Program Files\Java\jdk-21\bin"/><property name="sun.java.command" value="xsbt.boot.Boot test"/><property name="jdk.debug" value="release"/><property name="java.specification.vendor" value="Oracle Corporation"/><property name="java.version.date" value="2023-10-17"/><property name="java.home" value="C:\Program Files\Java\jdk-21"/><property name="file.separator" value="\"/><property name="java.vm.compressedOopsMode" value="32-bit"/><property name="line.separator" value="
"/><property name="java.vm.specification.vendor" value="Oracle Corporation"/><property name="java.specification.name" value="Java Platform API Specification"/><property name="user.script" value=""/><property name="sun.management.compiler" value="HotSpot 64-Bit Tiered Compilers"/><property name="java.runtime.version" value="21.0.1+12-LTS-29"/><property name="user.name" value="zaini"/><property name="log4j.ignoreTCL" value="true"/><property name="file.encoding" value="UTF-8"/><property name="jnidispatch.path" value="C:\Users\zaini\AppData\Local\Temp\jna-115663709\jna548866994795726604.dll"/><property name="jna.loaded" value="true"/><property name="java.io.tmpdir" value="C:\Users\zaini\AppData\Local\Temp\"/><property name="java.version" value="21.0.1"/><property name="java.vm.specification.name" value="Java Virtual Machine Specification"/><property name="sun.os.patch.level" value=""/><property name="native.encoding" value="Cp1252"/><property name="java.library.path" value="C:\Program Files\Java\jdk-21\bin;C:\WINDOWS\Sun\Java\bin;C:\WINDOWS\system32;C:\WINDOWS;C:\Program Files\Java\jdk-21\bin;C:\Python312\Scripts\;C:\Python312\;C:\Program Files (x86)\NVIDIA Corporation\PhysX\Common;C:\Program Files\Common Files\Oracle\Java\javapath;C:\WINDOWS\system32;C:\WINDOWS;C:\WINDOWS\System32\Wbem;C:\WINDOWS\System32\WindowsPowerShell\v1.0\;C:\WINDOWS\System32\OpenSSH\;C:\Program Files\R;C:\Program Files (x86)\Windows Kits\8.1\Windows Performance Toolkit\;C:\Program Files (x86)\Microsoft SQL Server\160\Tools\Binn\;C:\Program Files\Microsoft SQL Server\160\Tools\Binn\;C:\Program Files\Microsoft SQL Server\Client SDK\ODBC\170\Tools\Binn\;C:\Program Files\Microsoft SQL Server\160\DTS\Binn\;C:\Program Files\nodejs\;C:\ProgramData\chocolatey\bin;C:\Program Files\Git\cmd;C:\Users\zaini\Downloads\sbt\;C:\Users\zaini\AppData\Local\Programs\Python\Python311\Scripts\;C:\Users\zaini\AppData\Local\Programs\Python\Python311\;C:\Users\zaini\AppData\Local\Microsoft\WindowsApps;C:\Users\zaini\AppData\Local\JetBrains\Toolbox\scripts;C:\Program Files\JetBrains\PyCharm Community Edition 2023.2\bin;C:\Users\zaini\AppData\Local\Programs\Microsoft VS Code\bin;C:\Users\zaini\AppData\Roaming\npm;C:\Users\zaini\AppData\Local\Microsoft\WindowsApps;C:\Users\zaini\AppData\Local\Coursier\data\bin;C:\Users\zaini\Downloads\ffmpeg\ffmpeg-2025-03-27-git-114fccc4a5-essentials_build\bin;;c:\Users\zaini\.vscode\extensions\ms-python.debugpy-2025.6.0-win32-x64\bundled\scripts\noConfigScripts;c:\Users\zaini\AppData\Roaming\Code\User\globalStorage\github.copilot-chat\debugCommand;."/><property name="stderr.encoding" value="cp437"/><property name="java.vendor" value="Oracle Corporation"/><property name="scala.ext.dirs" value="C:\Users\zaini\.sbt\1.0\java9-rt-ext-oracle_corporation_21_0_1"/><property name="sun.io.unicode.encoding" value="UnicodeLittle"/><property name="java.class.path" value="C:\Users\zaini\AppData\Local\Coursier\cache\arc\https\github.com\sbt\sbt\releases\download\v1.10.11\sbt-1.10.11.zip\sbt\bin\sbt-launch.jar"/><property name="java.vm.vendor" value="Oracle Corporation"/><property name="user.variant" value=""/><property name="jline.shutdownhook" value="false"/><property name="user.timezone" value="Europe/Helsinki"/><property name="java.vm.specification.version" value="21"/><property name="os.name" value="Windows 11"/><property name="sun.java.launcher" value="SUN_STANDARD"/><property name="user.country" value="GB"/><property name="sun.cpu.endian" value="little"/><property name="user.home" value="C:\Users\zaini"/><property name="user.language" value="en"/><property name="sbt.ipcsocket.tmpdir" value="C:\Users\zaini\AppData\Local\Temp\.sbtad038eb5\ipcsocket"/><property name="swoval.tmpdir" value="C:\Users\zaini\AppData\Local\Temp\.sbtad038eb5\swoval"/><property name="jline.esc.timeout" value="0"/><property name="stdout.encoding" value="cp437"/><property name="path.separator" value=";"/><property name="os.version" value="10.0"/><property name="jna.nosys" value="true"/><property name="java.runtime.name" value="Java(TM) SE Runtime Environment"/><property name="java.vm.name" value="Java HotSpot(TM) 64-Bit Server VM"/><property name="java.vendor.url.bug" value="https://bugreport.java.com/bugreport/"/><property name="user.dir" value="C:\Users\zaini\Desktop\FUNCPROG\reps-project"/><property name="os.arch" value="amd64"/><property name="java.vm.info" value="mixed mode, sharing"/><property name="java.vm.version" value="21.0.1+12-LTS-29"/><property name="java.class.version" value="65.0"/>
    </properties>
          <testcase classname="DataSpec" name="Analyze statistics" time="0.084">
                      
                    </testcase><testcase classname="DataSpec" name="Check monitor alerts" time="0.0">
                      
                    </testcase>
          <system-out><![CDATA[]]></system-out>
          <system-err><![CDATA[]]></system-err>
        </testsuite>